{
  "stats": {
    "suites": 1,
    "tests": 7,
    "passes": 7,
    "pending": 0,
    "failures": 0,
    "start": "2023-02-07T17:19:38.217Z",
    "end": "2023-02-07T17:20:44.185Z",
    "duration": 65968,
    "testsRegistered": 7,
    "passPercent": 100,
    "pendingPercent": 0,
    "other": 0,
    "hasOther": false,
    "skipped": 0,
    "hasSkipped": false
  },
  "results": [
    {
      "uuid": "2ccc3d44-3f66-4fbc-95bc-a216db118484",
      "title": "",
      "fullFile": "cypress\\e2e\\Testunity.cy.js",
      "file": "cypress\\e2e\\Testunity.cy.js",
      "beforeHooks": [],
      "afterHooks": [],
      "tests": [],
      "suites": [
        {
          "uuid": "1aac3203-a77d-42c2-9edd-13dc2056307c",
          "title": "Testunity",
          "fullFile": "",
          "file": "",
          "beforeHooks": [],
          "afterHooks": [],
          "tests": [
            {
              "title": "A. Login Failure",
              "fullTitle": "Testunity A. Login Failure",
              "timedOut": null,
              "duration": 5617,
              "state": "passed",
              "speed": "medium",
              "pass": true,
              "fail": false,
              "pending": false,
              "context": null,
              "code": "loginPage_Validations.Email(this.data.Login_Failure.Email);\nloginPage_Validations.Password(this.data.Login_Failure.Password);\nloginPage_Validations.Login();\nloginPage_Validations.verifyLogin();",
              "err": {},
              "uuid": "76eb045a-0ccc-4c71-9e22-39a49bfde5c5",
              "parentUUID": "1aac3203-a77d-42c2-9edd-13dc2056307c",
              "isHook": false,
              "skipped": false
            },
            {
              "title": "B. Login Success",
              "fullTitle": "Testunity B. Login Success",
              "timedOut": null,
              "duration": 9638,
              "state": "passed",
              "speed": "medium",
              "pass": true,
              "fail": false,
              "pending": false,
              "context": null,
              "code": "loginPage_Validations.Email(this.data.Login_success.Email);\nloginPage_Validations.Password(this.data.Login_success.Password);\nloginPage_Validations.Login();\nloginPage_Validations.LoggedIn();",
              "err": {},
              "uuid": "6911ac9e-1a7f-4342-837d-faa61a2ea123",
              "parentUUID": "1aac3203-a77d-42c2-9edd-13dc2056307c",
              "isHook": false,
              "skipped": false
            },
            {
              "title": "C.Request Quotation",
              "fullTitle": "Testunity C.Request Quotation",
              "timedOut": null,
              "duration": 8566,
              "state": "passed",
              "speed": "medium",
              "pass": true,
              "fail": false,
              "pending": false,
              "context": null,
              "code": "loginPage_Validations.Email(this.data.Request_Quotation.Email);\nloginPage_Validations.Password(this.data.Request_Quotation.Password);\nloginPage_Validations.Login();\nloginPage_Validations.LoggedIn();\nhomePage_Validations.clickOn_RequestQuoatation();\nrequestQuotation_Validations.selectBreakdownCover(this.data.Request_Quotation.BreakdownCover);\nrequestQuotation_Validations.selectWindScreenRepair();\nrequestQuotation_Validations.enterIncidents(this.data.Request_Quotation.incidents);\nrequestQuotation_Validations.enterRegistrationNumber(this.data.Request_Quotation.Registration);\nrequestQuotation_Validations.enterAnnualMileage(this.data.Request_Quotation.Annualmileage);\nrequestQuotation_Validations.enterEstimatedValue(this.data.Request_Quotation.Estimatedvalue);\nrequestQuotation_Validations.selectParkingLocation(this.data.Request_Quotation.ParkingLocation);\nrequestQuotation_Validations.selectStartOfPolicy(this.data.Request_Quotation.Year, this.data.Request_Quotation.Month, this.data.Request_Quotation.Day);\nrequestQuotation_Validations.clickOn_SaveQuotation();\nrequestQuotation_Validations.save_RequestQuotationNumber();",
              "err": {},
              "uuid": "2c8d0b10-436b-4eb3-b513-0cb0fa5986ad",
              "parentUUID": "1aac3203-a77d-42c2-9edd-13dc2056307c",
              "isHook": false,
              "skipped": false
            },
            {
              "title": "D. Retrieve Quotation",
              "fullTitle": "Testunity D. Retrieve Quotation",
              "timedOut": null,
              "duration": 7984,
              "state": "passed",
              "speed": "medium",
              "pass": true,
              "fail": false,
              "pending": false,
              "context": null,
              "code": "loginPage_Validations.Email(this.data.Retrieve_Quotation.Email);\nloginPage_Validations.Password(this.data.Retrieve_Quotation.Password);\nloginPage_Validations.Login();\nloginPage_Validations.LoggedIn();\nhomePage_Validations.clickOn_RetrieveQuotation();\ncy.readFile('cypress/fixtures/RegNumber.json').then(function (data) {\n  $regNumber = data;\n}).then(() => retrieveQuotation_Validations.enter_RetrieveQuotationNumber($regNumber.Value));\nretrieveQuotation_Validations.clickOn_Retrieve();",
              "err": {},
              "uuid": "d00cb6c7-65c7-4de4-8e64-e9ce9a1f63f5",
              "parentUUID": "1aac3203-a77d-42c2-9edd-13dc2056307c",
              "isHook": false,
              "skipped": false
            },
            {
              "title": "E. profile",
              "fullTitle": "Testunity E. profile",
              "timedOut": null,
              "duration": 9706,
              "state": "passed",
              "speed": "medium",
              "pass": true,
              "fail": false,
              "pending": false,
              "context": null,
              "code": "loginPage_Validations.Email(this.data.Profile.Email);\nloginPage_Validations.Password(this.data.Profile.Password);\nloginPage_Validations.Login();\nloginPage_Validations.LoggedIn();\nhomePage_Validations.clickOn_Profile();",
              "err": {},
              "uuid": "3e649aad-9a38-44ba-bc41-2a1bbff8b877",
              "parentUUID": "1aac3203-a77d-42c2-9edd-13dc2056307c",
              "isHook": false,
              "skipped": false
            },
            {
              "title": "F. Edit profile",
              "fullTitle": "Testunity F. Edit profile",
              "timedOut": null,
              "duration": 11305,
              "state": "passed",
              "speed": "slow",
              "pass": true,
              "fail": false,
              "pending": false,
              "context": null,
              "code": "loginPage_Validations.Email(this.data.Edit_Profile.Email);\nloginPage_Validations.Password(this.data.Edit_Profile.Password);\nloginPage_Validations.Login();\nloginPage_Validations.LoggedIn();\nhomePage_Validations.clickOn_EditProfile();\neditProfile_Validations.select_Title(this.data.Edit_Profile.Title);\neditProfile_Validations.enter_Surname(this.data.Edit_Profile.Surname);\neditProfile_Validations.enter_Firstname(this.data.Edit_Profile.Firstname);\neditProfile_Validations.enter_PhoneNumber(this.data.Edit_Profile.Phone);\neditProfile_Validations.select_DateOfBirth(this.data.Edit_Profile.Year, this.data.Edit_Profile.Month, this.data.Edit_Profile.Day);\neditProfile_Validations.select_Licensetype();\neditProfile_Validations.select_Licenseperiod(this.data.Edit_Profile.Licenceperiod);\neditProfile_Validations.select_Occupation(this.data.Edit_Profile.Occupation);\neditProfile_Validations.enter_Street(this.data.Edit_Profile.Street);\neditProfile_Validations.enter_City(this.data.Edit_Profile.City);\neditProfile_Validations.enter_Country(this.data.Edit_Profile.Country);\neditProfile_Validations.enter_Postcode(this.data.Edit_Profile.PostCode);\neditProfile_Validations.clickOn_UpdateUser();",
              "err": {},
              "uuid": "1c15731b-159a-4246-924e-c149393de2c3",
              "parentUUID": "1aac3203-a77d-42c2-9edd-13dc2056307c",
              "isHook": false,
              "skipped": false
            },
            {
              "title": "G. Logout",
              "fullTitle": "Testunity G. Logout",
              "timedOut": null,
              "duration": 10496,
              "state": "passed",
              "speed": "slow",
              "pass": true,
              "fail": false,
              "pending": false,
              "context": null,
              "code": "loginPage_Validations.Email(this.data.LogOut.Email);\nloginPage_Validations.Password(this.data.LogOut.Password);\nloginPage_Validations.Login();\nloginPage_Validations.LoggedIn();\nhomePage_Validations.clickOn_LogOut();",
              "err": {},
              "uuid": "20ce87e9-802d-4bde-8bc1-c1f69bd6c2e8",
              "parentUUID": "1aac3203-a77d-42c2-9edd-13dc2056307c",
              "isHook": false,
              "skipped": false
            }
          ],
          "suites": [],
          "passes": [
            "76eb045a-0ccc-4c71-9e22-39a49bfde5c5",
            "6911ac9e-1a7f-4342-837d-faa61a2ea123",
            "2c8d0b10-436b-4eb3-b513-0cb0fa5986ad",
            "d00cb6c7-65c7-4de4-8e64-e9ce9a1f63f5",
            "3e649aad-9a38-44ba-bc41-2a1bbff8b877",
            "1c15731b-159a-4246-924e-c149393de2c3",
            "20ce87e9-802d-4bde-8bc1-c1f69bd6c2e8"
          ],
          "failures": [],
          "pending": [],
          "skipped": [],
          "duration": 63312,
          "root": false,
          "rootEmpty": false,
          "_timeout": 2000
        }
      ],
      "passes": [],
      "failures": [],
      "pending": [],
      "skipped": [],
      "duration": 0,
      "root": true,
      "rootEmpty": true,
      "_timeout": 2000
    }
  ],
  "meta": {
    "mocha": {
      "version": "7.0.1"
    },
    "mochawesome": {
      "options": {
        "quiet": false,
        "reportFilename": "mochawesome",
        "saveHtml": true,
        "saveJson": true,
        "consoleReporter": "spec",
        "useInlineDiffs": false,
        "code": true
      },
      "version": "7.1.3"
    },
    "marge": {
      "options": null,
      "version": "6.2.0"
    }
  }
}